{"/Users/jonathanreeves/Desktop/code-projects/js-ts-projects/test-driven-palindromes/palindromes.js": {"path":"/Users/jonathanreeves/Desktop/code-projects/js-ts-projects/test-driven-palindromes/palindromes.js","statementMap":{"0":{"start":{"line":1,"column":0},"end":{"line":3,"column":2}},"1":{"start":{"line":2,"column":4},"end":{"line":2,"column":17}}},"fnMap":{"0":{"name":"(anonymous_0)","decl":{"start":{"line":1,"column":17},"end":{"line":1,"column":18}},"loc":{"start":{"line":1,"column":26},"end":{"line":3,"column":1}},"line":1}},"branchMap":{},"s":{"0":1,"1":1},"f":{"0":1},"b":{},"_coverageSchema":"1a1c01bbd47fc00a2c39e90264f33305004495a9","hash":"5c13f4d9a0bc0de88577da6b6d8438af5cb85c54"}
}
